*** Starting uWSGI 2.0.15 (64bit) on [Fri Dec 15 13:57:30 2017] ***
compiled with version: 5.4.0 20160609 on 04 December 2017 12:15:06
os: Linux-4.10.0-42-generic #46~16.04.1-Ubuntu SMP Mon Dec 4 15:57:59 UTC 2017
nodename: ubuntu
machine: x86_64
clock source: unix
pcre jit disabled
detected number of CPU cores: 4
current working directory: /home/atguigu/workespace/01-project/bookstore
writing pidfile to uwsgi.pid
detected binary path: /home/atguigu/.virtualenvs/py1/bin/uwsgi
chdir() to /home/workespace/01-project/bookstore/
chdir(): No such file or directory [core/uwsgi.c line 2591]
*** Starting uWSGI 2.0.15 (64bit) on [Fri Dec 15 14:02:22 2017] ***
compiled with version: 5.4.0 20160609 on 04 December 2017 12:15:06
os: Linux-4.10.0-42-generic #46~16.04.1-Ubuntu SMP Mon Dec 4 15:57:59 UTC 2017
nodename: ubuntu
machine: x86_64
clock source: unix
pcre jit disabled
detected number of CPU cores: 4
current working directory: /home/atguigu/workespace/01-project/bookstore
writing pidfile to uwsgi.pid
detected binary path: /home/atguigu/.virtualenvs/py1/bin/uwsgi
chdir() to /home/workespace/01-project/bookstore/
chdir(): No such file or directory [core/uwsgi.c line 2591]
*** Starting uWSGI 2.0.15 (64bit) on [Fri Dec 15 14:05:19 2017] ***
compiled with version: 5.4.0 20160609 on 04 December 2017 12:15:06
os: Linux-4.10.0-42-generic #46~16.04.1-Ubuntu SMP Mon Dec 4 15:57:59 UTC 2017
nodename: ubuntu
machine: x86_64
clock source: unix
pcre jit disabled
detected number of CPU cores: 4
current working directory: /home/atguigu/workespace/01-project/bookstore
writing pidfile to uwsgi.pid
detected binary path: /home/atguigu/.virtualenvs/py1/bin/uwsgi
chdir() to /home/workespace/01-project/bookstore/
chdir(): No such file or directory [core/uwsgi.c line 2591]
*** Starting uWSGI 2.0.15 (64bit) on [Fri Dec 15 14:07:49 2017] ***
compiled with version: 5.4.0 20160609 on 04 December 2017 12:15:06
os: Linux-4.10.0-42-generic #46~16.04.1-Ubuntu SMP Mon Dec 4 15:57:59 UTC 2017
nodename: ubuntu
machine: x86_64
clock source: unix
pcre jit disabled
detected number of CPU cores: 4
current working directory: /home/atguigu/workespace/01-project/bookstore
writing pidfile to uwsgi.pid
detected binary path: /home/atguigu/.virtualenvs/py1/bin/uwsgi
chdir() to /home/atguigu/workespace/01-project/bookstore/
your processes number limit is 7744
your memory page size is 4096 bytes
detected max file descriptor number: 65536
lock engine: pthread robust mutexes
thunder lock: disabled (you can enable it with --thunder-lock)
uwsgi socket 0 bound to TCP address 127.0.0.1:9001 fd 3
Python version: 3.5.2 (default, Nov 23 2017, 16:37:01)  [GCC 5.4.0 20160609]
Set PythonHome to /home/atguigu/.virtualenvs/py1
Python main interpreter initialized at 0xaecdb0
python threads support enabled
your server socket listen backlog is limited to 100 connections
your mercy for graceful operations on workers is 60 seconds
mapped 415280 bytes (405 KB) for 8 cores
*** Operational MODE: preforking+threaded ***
unable to load app 0 (mountpoint='') (callable not found or import error)
WSGI app 0 (mountpoint='') ready in 3 seconds on interpreter 0xaecdb0 pid: 10146 (default app)
*** uWSGI is running in multiple interpreter mode ***
spawned uWSGI master process (pid: 10146)
spawned uWSGI worker 1 (pid: 10155, cores: 2)
spawned uWSGI worker 2 (pid: 10156, cores: 2)
spawned uWSGI worker 3 (pid: 10157, cores: 2)
spawned uWSGI worker 4 (pid: 10160, cores: 2)
[pid: 10156|app: 0|req: 1/1] 127.0.0.1 () {42 vars in 699 bytes} [Fri Dec 15 06:08:00 2017] GET / => generated 2659 bytes in 1953 msecs (HTTP/1.1 404) 2 headers in 80 bytes (1 switches on core 0)
invalid request block size: 21573 (max 4096)...skip
invalid request block size: 21573 (max 4096)...skip
invalid request block size: 21573 (max 4096)...skip
invalid request block size: 21573 (max 4096)...skip
invalid request block size: 21573 (max 4096)...skip
invalid request block size: 21573 (max 4096)...skip
[pid: 10157|app: 0|req: 1/2] 127.0.0.1 () {40 vars in 668 bytes} [Fri Dec 15 06:09:37 2017] GET / => generated 2659 bytes in 1729 msecs (HTTP/1.1 404) 2 headers in 80 bytes (1 switches on core 0)
[pid: 10155|app: 0|req: 1/3] 127.0.0.1 () {40 vars in 690 bytes} [Fri Dec 15 06:09:52 2017] GET /books/index => generated 12701 bytes in 2396 msecs (HTTP/1.1 200) 3 headers in 102 bytes (1 switches on core 0)
[pid: 10155|app: 0|req: 2/4] 127.0.0.1 () {42 vars in 721 bytes} [Fri Dec 15 06:09:58 2017] GET /books/index => generated 12701 bytes in 67 msecs (HTTP/1.1 200) 3 headers in 102 bytes (1 switches on core 1)
[pid: 10160|app: 0|req: 1/5] 127.0.0.1 () {42 vars in 721 bytes} [Fri Dec 15 06:10:01 2017] GET /books/index => generated 12701 bytes in 560 msecs (HTTP/1.1 200) 3 headers in 102 bytes (1 switches on core 0)
[pid: 10155|app: 0|req: 3/6] 127.0.0.1 () {42 vars in 721 bytes} [Fri Dec 15 06:10:39 2017] GET /books/index => generated 12701 bytes in 984 msecs (HTTP/1.1 200) 3 headers in 102 bytes (1 switches on core 0)
[pid: 10160|app: 0|req: 2/7] 127.0.0.1 () {42 vars in 721 bytes} [Fri Dec 15 06:13:30 2017] GET /books/index => generated 12701 bytes in 89 msecs (HTTP/1.1 200) 3 headers in 102 bytes (1 switches on core 1)
*** Starting uWSGI 2.0.15 (64bit) on [Fri Dec 15 14:14:05 2017] ***
compiled with version: 5.4.0 20160609 on 04 December 2017 12:15:06
os: Linux-4.10.0-42-generic #46~16.04.1-Ubuntu SMP Mon Dec 4 15:57:59 UTC 2017
nodename: ubuntu
machine: x86_64
clock source: unix
pcre jit disabled
detected number of CPU cores: 4
current working directory: /home/atguigu/workespace/01-project/bookstore
writing pidfile to uwsgi.pid
detected binary path: /home/atguigu/.virtualenvs/py1/bin/uwsgi
chdir() to /home/atguigu/workespace/01-project/bookstore/
your processes number limit is 7744
your memory page size is 4096 bytes
detected max file descriptor number: 65536
lock engine: pthread robust mutexes
thunder lock: disabled (you can enable it with --thunder-lock)
probably another instance of uWSGI is running on the same address (127.0.0.1:9001).
bind(): Address already in use [core/socket.c line 769]
[pid: 10156|app: 0|req: 2/8] 127.0.0.1 () {42 vars in 721 bytes} [Fri Dec 15 06:14:36 2017] GET /books/index => generated 12701 bytes in 593 msecs (HTTP/1.1 200) 3 headers in 102 bytes (1 switches on core 0)
[pid: 10155|app: 0|req: 4/9] 127.0.0.1 () {42 vars in 661 bytes} [Fri Dec 15 06:14:38 2017] GET /cart/count/ => generated 10 bytes in 43 msecs (HTTP/1.1 200) 3 headers in 94 bytes (1 switches on core 1)
[pid: 10157|app: 0|req: 2/10] 127.0.0.1 () {42 vars in 733 bytes} [Fri Dec 15 06:20:38 2017] GET /books/1/ => generated 13448 bytes in 484 msecs (HTTP/1.1 200) 4 headers in 224 bytes (1 switches on core 1)
[pid: 10157|app: 0|req: 3/11] 127.0.0.1 () {44 vars in 715 bytes} [Fri Dec 15 06:20:38 2017] GET /cart/count/ => generated 10 bytes in 3 msecs (HTTP/1.1 200) 3 headers in 94 bytes (1 switches on core 0)
[pid: 10157|app: 0|req: 4/12] 127.0.0.1 () {44 vars in 727 bytes} [Fri Dec 15 06:20:39 2017] GET /comment/comment/1 => generated 0 bytes in 1 msecs (HTTP/1.1 301) 3 headers in 155 bytes (1 switches on core 1)
'NoneType' object has no attribute 'decode'
[pid: 10160|app: 0|req: 3/13] 127.0.0.1 () {44 vars in 729 bytes} [Fri Dec 15 06:20:39 2017] GET /comment/comment/1/ => generated 205 bytes in 629 msecs (HTTP/1.1 200) 2 headers in 80 bytes (1 switches on core 0)
[pid: 10160|app: 0|req: 4/14] 127.0.0.1 () {42 vars in 747 bytes} [Fri Dec 15 06:20:51 2017] GET /books/index => generated 12701 bytes in 173 msecs (HTTP/1.1 200) 3 headers in 102 bytes (1 switches on core 1)
[pid: 10156|app: 0|req: 3/15] 127.0.0.1 () {44 vars in 786 bytes} [Fri Dec 15 06:20:56 2017] GET /users/ => generated 0 bytes in 2 msecs (HTTP/1.1 302) 4 headers in 151 bytes (1 switches on core 1)
[pid: 10155|app: 0|req: 5/16] 127.0.0.1 () {44 vars in 798 bytes} [Fri Dec 15 06:20:56 2017] GET /users/login/ => generated 3845 bytes in 112 msecs (HTTP/1.1 200) 4 headers in 224 bytes (1 switches on core 0)
[pid: 10157|app: 0|req: 5/17] 127.0.0.1 () {42 vars in 728 bytes} [Fri Dec 15 06:20:56 2017] GET /users/verifycode/ => generated 1598 bytes in 1771 msecs (HTTP/1.1 200) 4 headers in 218 bytes (1 switches on core 0)
[pid: 10157|app: 0|req: 6/18] 127.0.0.1 () {42 vars in 791 bytes} [Fri Dec 15 06:20:59 2017] GET /books/index => generated 12701 bytes in 135 msecs (HTTP/1.1 200) 3 headers in 102 bytes (1 switches on core 1)
[pid: 10160|app: 0|req: 5/19] 127.0.0.1 () {44 vars in 762 bytes} [Fri Dec 15 06:20:59 2017] GET /cart/count/ => generated 10 bytes in 28 msecs (HTTP/1.1 200) 3 headers in 94 bytes (1 switches on core 0)
[pid: 10160|app: 0|req: 6/20] 127.0.0.1 () {44 vars in 842 bytes} [Fri Dec 15 06:21:12 2017] GET /order/place/ => generated 0 bytes in 8 msecs (HTTP/1.1 302) 4 headers in 151 bytes (1 switches on core 1)
[pid: 10155|app: 0|req: 6/21] 127.0.0.1 () {44 vars in 842 bytes} [Fri Dec 15 06:21:12 2017] GET /users/login/ => generated 3845 bytes in 6 msecs (HTTP/1.1 200) 4 headers in 224 bytes (1 switches on core 1)
[pid: 10160|app: 0|req: 7/22] 127.0.0.1 () {42 vars in 772 bytes} [Fri Dec 15 06:21:12 2017] GET /users/verifycode/ => generated 1533 bytes in 50 msecs (HTTP/1.1 200) 4 headers in 218 bytes (1 switches on core 0)
[pid: 10156|app: 0|req: 4/23] 127.0.0.1 () {44 vars in 834 bytes} [Fri Dec 15 06:21:22 2017] GET /books/5/ => generated 13335 bytes in 129 msecs (HTTP/1.1 200) 4 headers in 224 bytes (1 switches on core 0)
[pid: 10155|app: 0|req: 7/24] 127.0.0.1 () {44 vars in 759 bytes} [Fri Dec 15 06:21:22 2017] GET /cart/count/ => generated 10 bytes in 38 msecs (HTTP/1.1 200) 3 headers in 94 bytes (1 switches on core 0)
[pid: 10160|app: 0|req: 8/25] 127.0.0.1 () {44 vars in 771 bytes} [Fri Dec 15 06:21:23 2017] GET /comment/comment/5 => generated 0 bytes in 1 msecs (HTTP/1.1 301) 3 headers in 155 bytes (1 switches on core 1)
'NoneType' object has no attribute 'decode'
[pid: 10160|app: 0|req: 9/26] 127.0.0.1 () {44 vars in 773 bytes} [Fri Dec 15 06:21:23 2017] GET /comment/comment/5/ => generated 25 bytes in 53 msecs (HTTP/1.1 200) 2 headers in 80 bytes (1 switches on core 0)
[pid: 10160|app: 0|req: 10/27] 127.0.0.1 () {42 vars in 791 bytes} [Fri Dec 15 06:21:25 2017] GET /books/index => generated 12701 bytes in 172 msecs (HTTP/1.1 200) 3 headers in 102 bytes (1 switches on core 1)
[pid: 10155|app: 0|req: 8/28] 127.0.0.1 () {44 vars in 830 bytes} [Fri Dec 15 06:34:28 2017] GET /users/ => generated 0 bytes in 152 msecs (HTTP/1.1 302) 4 headers in 151 bytes (1 switches on core 1)
[pid: 10155|app: 0|req: 9/29] 127.0.0.1 () {44 vars in 842 bytes} [Fri Dec 15 06:34:28 2017] GET /users/login/ => generated 3845 bytes in 50 msecs (HTTP/1.1 200) 4 headers in 224 bytes (1 switches on core 0)
[pid: 10160|app: 0|req: 11/30] 127.0.0.1 () {42 vars in 772 bytes} [Fri Dec 15 06:34:32 2017] GET /users/verifycode/ => generated 1837 bytes in 874 msecs (HTTP/1.1 200) 4 headers in 218 bytes (1 switches on core 0)
[pid: 10160|app: 0|req: 12/31] 127.0.0.1 () {42 vars in 791 bytes} [Fri Dec 15 06:34:36 2017] GET /books/index => generated 12701 bytes in 789 msecs (HTTP/1.1 200) 3 headers in 102 bytes (1 switches on core 1)
[pid: 10160|app: 0|req: 13/32] 127.0.0.1 () {44 vars in 762 bytes} [Fri Dec 15 06:34:38 2017] GET /cart/count/ => generated 10 bytes in 13 msecs (HTTP/1.1 200) 3 headers in 94 bytes (1 switches on core 0)
*** Starting uWSGI 2.0.15 (64bit) on [Fri Dec 15 14:36:55 2017] ***
compiled with version: 5.4.0 20160609 on 04 December 2017 12:15:06
os: Linux-4.10.0-42-generic #46~16.04.1-Ubuntu SMP Mon Dec 4 15:57:59 UTC 2017
nodename: ubuntu
machine: x86_64
clock source: unix
pcre jit disabled
detected number of CPU cores: 4
current working directory: /home/atguigu/workespace/01-project/bookstore
writing pidfile to uwsgi.pid
detected binary path: /home/atguigu/.virtualenvs/py1/bin/uwsgi
chdir() to /home/atguigu/workespace/01-project/bookstore/
your processes number limit is 7744
your memory page size is 4096 bytes
detected max file descriptor number: 65536
lock engine: pthread robust mutexes
thunder lock: disabled (you can enable it with --thunder-lock)
probably another instance of uWSGI is running on the same address (127.0.0.1:9001).
bind(): Address already in use [core/socket.c line 769]
[pid: 10160|app: 0|req: 14/33] 127.0.0.1 () {44 vars in 822 bytes} [Fri Dec 15 06:37:14 2017] GET /books/index => generated 12701 bytes in 527 msecs (HTTP/1.1 200) 3 headers in 102 bytes (1 switches on core 1)
[pid: 10160|app: 0|req: 15/34] 127.0.0.1 () {44 vars in 762 bytes} [Fri Dec 15 06:37:15 2017] GET /cart/count/ => generated 10 bytes in 1 msecs (HTTP/1.1 200) 3 headers in 94 bytes (1 switches on core 0)
[pid: 10155|app: 0|req: 10/35] 127.0.0.1 () {44 vars in 830 bytes} [Fri Dec 15 06:37:24 2017] GET /users/ => generated 0 bytes in 4 msecs (HTTP/1.1 302) 4 headers in 151 bytes (1 switches on core 1)
[pid: 10155|app: 0|req: 11/36] 127.0.0.1 () {44 vars in 842 bytes} [Fri Dec 15 06:37:24 2017] GET /users/login/ => generated 3845 bytes in 71 msecs (HTTP/1.1 200) 4 headers in 224 bytes (1 switches on core 0)
[pid: 10155|app: 0|req: 12/37] 127.0.0.1 () {42 vars in 772 bytes} [Fri Dec 15 06:37:25 2017] GET /users/verifycode/ => generated 1307 bytes in 1842 msecs (HTTP/1.1 200) 4 headers in 218 bytes (1 switches on core 1)
[pid: 10160|app: 0|req: 16/38] 127.0.0.1 () {44 vars in 840 bytes} [Fri Dec 15 06:37:29 2017] GET /books/index => generated 12701 bytes in 623 msecs (HTTP/1.1 200) 3 headers in 102 bytes (1 switches on core 1)
[pid: 10157|app: 0|req: 7/39] 127.0.0.1 () {44 vars in 762 bytes} [Fri Dec 15 06:37:30 2017] GET /cart/count/ => generated 10 bytes in 8521 msecs (HTTP/1.1 200) 3 headers in 94 bytes (1 switches on core 0)
*** Starting uWSGI 2.0.15 (64bit) on [Fri Dec 15 14:52:11 2017] ***
compiled with version: 5.4.0 20160609 on 04 December 2017 12:15:06
os: Linux-4.10.0-42-generic #46~16.04.1-Ubuntu SMP Mon Dec 4 15:57:59 UTC 2017
nodename: ubuntu
machine: x86_64
clock source: unix
pcre jit disabled
detected number of CPU cores: 4
current working directory: /home/atguigu/workespace/01-project/bookstore
writing pidfile to uwsgi.pid
detected binary path: /home/atguigu/.virtualenvs/py1/bin/uwsgi
chdir() to /home/atguigu/workespace/01-project/bookstore/
your processes number limit is 7744
your memory page size is 4096 bytes
detected max file descriptor number: 65536
lock engine: pthread robust mutexes
thunder lock: disabled (you can enable it with --thunder-lock)
probably another instance of uWSGI is running on the same address (127.0.0.1:9001).
bind(): Address already in use [core/socket.c line 769]
[pid: 10160|app: 0|req: 17/40] 127.0.0.1 () {46 vars in 871 bytes} [Fri Dec 15 06:52:43 2017] GET /books/index => generated 12701 bytes in 9941 msecs (HTTP/1.1 200) 3 headers in 102 bytes (1 switches on core 0)
[pid: 10157|app: 0|req: 8/41] 127.0.0.1 () {46 vars in 871 bytes} [Fri Dec 15 06:52:31 2017] GET /books/index => generated 12701 bytes in 25394 msecs (HTTP/1.1 200) 3 headers in 102 bytes (1 switches on core 1)
[pid: 10155|app: 0|req: 13/42] 127.0.0.1 () {44 vars in 770 bytes} [Fri Dec 15 06:53:56 2017] GET /books/index => generated 12701 bytes in 13049 msecs (HTTP/1.1 200) 3 headers in 102 bytes (1 switches on core 0)
...brutally killing workers...
Gracefully killing worker 3 (pid: 10157)...
Gracefully killing worker 1 (pid: 10155)...
Gracefully killing worker 4 (pid: 10160)...
Gracefully killing worker 2 (pid: 10156)...
Fri Dec 15 06:58:12 2017 - worker 1 (pid: 10155) is taking too much time to die...NO MERCY !!!
Fri Dec 15 06:58:14 2017 - worker 2 (pid: 10156) is taking too much time to die...NO MERCY !!!
Fri Dec 15 06:58:14 2017 - worker 3 (pid: 10157) is taking too much time to die...NO MERCY !!!
Fri Dec 15 06:58:14 2017 - worker 4 (pid: 10160) is taking too much time to die...NO MERCY !!!
worker 1 buried after 2 seconds
worker 2 buried after 0 seconds
worker 3 buried after 0 seconds
worker 4 buried after 0 seconds
binary reloading uWSGI...
chdir() to /home/atguigu/workespace/01-project/bookstore
closing all non-uwsgi socket fds > 2 (max_fd = 65536)...
found fd 3 mapped to socket 0 (127.0.0.1:9001)
running /home/atguigu/.virtualenvs/py1/bin/uwsgi
[uWSGI] getting INI configuration from uwsgi.ini
*** Starting uWSGI 2.0.15 (64bit) on [Fri Dec 15 06:58:14 2017] ***
compiled with version: 5.4.0 20160609 on 04 December 2017 12:15:06
os: Linux-4.10.0-42-generic #46~16.04.1-Ubuntu SMP Mon Dec 4 15:57:59 UTC 2017
nodename: ubuntu
machine: x86_64
clock source: unix
pcre jit disabled
detected number of CPU cores: 4
current working directory: /home/atguigu/workespace/01-project/bookstore
detected binary path: /home/atguigu/.virtualenvs/py1/bin/uwsgi
chdir() to /home/atguigu/workespace/01-project/bookstore/
your processes number limit is 7744
your memory page size is 4096 bytes
detected max file descriptor number: 65536
lock engine: pthread robust mutexes
thunder lock: disabled (you can enable it with --thunder-lock)
uwsgi socket 0 inherited INET address 127.0.0.1:9001 fd 3
Python version: 3.5.2 (default, Nov 23 2017, 16:37:01)  [GCC 5.4.0 20160609]
Set PythonHome to /home/atguigu/.virtualenvs/py1
Python main interpreter initialized at 0x2060640
python threads support enabled
your server socket listen backlog is limited to 100 connections
your mercy for graceful operations on workers is 60 seconds
mapped 415280 bytes (405 KB) for 8 cores
*** Operational MODE: preforking+threaded ***
unable to load app 0 (mountpoint='') (callable not found or import error)
WSGI app 0 (mountpoint='') ready in 5 seconds on interpreter 0x2060640 pid: 10146 (default app)
*** uWSGI is running in multiple interpreter mode ***
gracefully (RE)spawned uWSGI master process (pid: 10146)
spawned uWSGI worker 1 (pid: 11673, cores: 2)
spawned uWSGI worker 2 (pid: 11674, cores: 2)
spawned uWSGI worker 3 (pid: 11676, cores: 2)
spawned uWSGI worker 4 (pid: 11678, cores: 2)
*** Starting uWSGI 2.0.15 (64bit) on [Fri Dec 15 15:04:58 2017] ***
compiled with version: 5.4.0 20160609 on 04 December 2017 12:15:06
os: Linux-4.10.0-42-generic #46~16.04.1-Ubuntu SMP Mon Dec 4 15:57:59 UTC 2017
nodename: ubuntu
machine: x86_64
clock source: unix
pcre jit disabled
detected number of CPU cores: 4
current working directory: /home/atguigu/workespace/01-project/bookstore
writing pidfile to uwsgi.pid
detected binary path: /home/atguigu/.virtualenvs/py1/bin/uwsgi
chdir() to /home/atguigu/workespace/01-project/bookstore/
your processes number limit is 7744
your memory page size is 4096 bytes
detected max file descriptor number: 65536
lock engine: pthread robust mutexes
thunder lock: disabled (you can enable it with --thunder-lock)
uwsgi socket 0 bound to TCP address 127.0.0.1:9001 fd 3
Python version: 3.5.2 (default, Nov 23 2017, 16:37:01)  [GCC 5.4.0 20160609]
Set PythonHome to /home/atguigu/.virtualenvs/py1
Python main interpreter initialized at 0x8fade0
python threads support enabled
your server socket listen backlog is limited to 100 connections
your mercy for graceful operations on workers is 60 seconds
mapped 415280 bytes (405 KB) for 8 cores
*** Operational MODE: preforking+threaded ***
unable to load app 0 (mountpoint='') (callable not found or import error)
WSGI app 0 (mountpoint='') ready in 2 seconds on interpreter 0x8fade0 pid: 3049 (default app)
*** uWSGI is running in multiple interpreter mode ***
spawned uWSGI master process (pid: 3049)
spawned uWSGI worker 1 (pid: 3051, cores: 2)
spawned uWSGI worker 2 (pid: 3052, cores: 2)
spawned uWSGI worker 3 (pid: 3054, cores: 2)
spawned uWSGI worker 4 (pid: 3055, cores: 2)
[pid: 3055|app: 0|req: 2/1] 127.0.0.1 () {40 vars in 658 bytes} [Fri Dec 15 07:07:45 2017] GET /favicon.ico => generated 2692 bytes in 1194 msecs (HTTP/1.1 404) 2 headers in 80 bytes (1 switches on core 1)
[pid: 3055|app: 0|req: 2/2] 127.0.0.1 () {40 vars in 690 bytes} [Fri Dec 15 07:07:43 2017] GET /books/index => generated 12701 bytes in 5017 msecs (HTTP/1.1 200) 3 headers in 102 bytes (1 switches on core 0)
[pid: 3052|app: 0|req: 1/3] 127.0.0.1 () {40 vars in 668 bytes} [Fri Dec 15 07:09:38 2017] GET / => generated 2659 bytes in 1579 msecs (HTTP/1.1 404) 2 headers in 80 bytes (1 switches on core 0)
[pid: 3054|app: 0|req: 1/4] 127.0.0.1 () {40 vars in 690 bytes} [Fri Dec 15 07:09:52 2017] GET /books/index => generated 12701 bytes in 757 msecs (HTTP/1.1 200) 3 headers in 102 bytes (1 switches on core 0)
[pid: 3052|app: 0|req: 2/5] 127.0.0.1 () {42 vars in 661 bytes} [Fri Dec 15 07:09:56 2017] GET /cart/count/ => generated 10 bytes in 92 msecs (HTTP/1.1 200) 3 headers in 94 bytes (1 switches on core 1)
[pid: 3055|app: 0|req: 3/6] 127.0.0.1 () {42 vars in 729 bytes} [Fri Dec 15 07:10:24 2017] GET /users/ => generated 0 bytes in 1 msecs (HTTP/1.1 302) 4 headers in 151 bytes (1 switches on core 1)
[pid: 3055|app: 0|req: 4/7] 127.0.0.1 () {42 vars in 741 bytes} [Fri Dec 15 07:10:24 2017] GET /users/login/ => generated 3845 bytes in 146 msecs (HTTP/1.1 200) 4 headers in 224 bytes (1 switches on core 0)
[pid: 3054|app: 0|req: 2/8] 127.0.0.1 () {42 vars in 728 bytes} [Fri Dec 15 07:10:24 2017] GET /users/verifycode/ => generated 1487 bytes in 1268 msecs (HTTP/1.1 200) 4 headers in 218 bytes (1 switches on core 1)
*** Starting uWSGI 2.0.15 (64bit) on [Fri Dec 15 15:14:21 2017] ***
compiled with version: 5.4.0 20160609 on 04 December 2017 12:15:06
os: Linux-4.10.0-42-generic #46~16.04.1-Ubuntu SMP Mon Dec 4 15:57:59 UTC 2017
nodename: ubuntu
machine: x86_64
clock source: unix
pcre jit disabled
detected number of CPU cores: 4
current working directory: /home/atguigu/workespace/01-project/bookstore
writing pidfile to uwsgi.pid
detected binary path: /home/atguigu/.virtualenvs/py1/bin/uwsgi
chdir() to /home/atguigu/workespace/01-project/bookstore/
your processes number limit is 7744
your memory page size is 4096 bytes
detected max file descriptor number: 65536
lock engine: pthread robust mutexes
thunder lock: disabled (you can enable it with --thunder-lock)
probably another instance of uWSGI is running on the same address (127.0.0.1:9001).
bind(): Address already in use [core/socket.c line 769]
[pid: 3055|app: 0|req: 5/9] 127.0.0.1 () {46 vars in 873 bytes} [Fri Dec 15 07:14:53 2017] GET /users/login/ => generated 3845 bytes in 336 msecs (HTTP/1.1 200) 4 headers in 224 bytes (1 switches on core 1)
[pid: 3055|app: 0|req: 6/10] 127.0.0.1 () {42 vars in 772 bytes} [Fri Dec 15 07:14:54 2017] GET /users/verifycode/ => generated 1707 bytes in 2467 msecs (HTTP/1.1 200) 4 headers in 218 bytes (1 switches on core 0)
[pid: 3055|app: 0|req: 7/11] 127.0.0.1 () {42 vars in 791 bytes} [Fri Dec 15 07:18:35 2017] GET /books/index => generated 12701 bytes in 878 msecs (HTTP/1.1 200) 3 headers in 102 bytes (1 switches on core 1)
[pid: 3052|app: 0|req: 3/12] 127.0.0.1 () {44 vars in 762 bytes} [Fri Dec 15 07:18:37 2017] GET /cart/count/ => generated 10 bytes in 411 msecs (HTTP/1.1 200) 3 headers in 94 bytes (1 switches on core 0)
Gracefully killing worker 4 (pid: 3055)...
...gracefully killing workers...
Gracefully killing worker 2 (pid: 3052)...
Gracefully killing worker 1 (pid: 3051)...
Gracefully killing worker 3 (pid: 3054)...
worker 1 buried after 7 seconds
worker 2 buried after 7 seconds
worker 3 buried after 7 seconds
worker 4 buried after 7 seconds
binary reloading uWSGI...
chdir() to /home/atguigu/workespace/01-project/bookstore
closing all non-uwsgi socket fds > 2 (max_fd = 65536)...
found fd 3 mapped to socket 0 (127.0.0.1:9001)
running /home/atguigu/.virtualenvs/py1/bin/uwsgi
[uWSGI] getting INI configuration from uwsgi.ini
*** Starting uWSGI 2.0.15 (64bit) on [Fri Dec 15 13:40:09 2017] ***
compiled with version: 5.4.0 20160609 on 04 December 2017 12:15:06
os: Linux-4.10.0-42-generic #46~16.04.1-Ubuntu SMP Mon Dec 4 15:57:59 UTC 2017
nodename: ubuntu
machine: x86_64
clock source: unix
pcre jit disabled
detected number of CPU cores: 4
current working directory: /home/atguigu/workespace/01-project/bookstore
detected binary path: /home/atguigu/.virtualenvs/py1/bin/uwsgi
chdir() to /home/atguigu/workespace/01-project/bookstore/
your processes number limit is 7744
your memory page size is 4096 bytes
detected max file descriptor number: 65536
lock engine: pthread robust mutexes
thunder lock: disabled (you can enable it with --thunder-lock)
uwsgi socket 0 inherited INET address 127.0.0.1:9001 fd 3
Python version: 3.5.2 (default, Nov 23 2017, 16:37:01)  [GCC 5.4.0 20160609]
Set PythonHome to /home/atguigu/.virtualenvs/py1
Python main interpreter initialized at 0xe86670
python threads support enabled
your server socket listen backlog is limited to 100 connections
your mercy for graceful operations on workers is 60 seconds
mapped 415280 bytes (405 KB) for 8 cores
*** Operational MODE: preforking+threaded ***
unable to load app 0 (mountpoint='') (callable not found or import error)
WSGI app 0 (mountpoint='') ready in 6 seconds on interpreter 0xe86670 pid: 3049 (default app)
*** uWSGI is running in multiple interpreter mode ***
gracefully (RE)spawned uWSGI master process (pid: 3049)
spawned uWSGI worker 1 (pid: 6556, cores: 2)
spawned uWSGI worker 2 (pid: 6557, cores: 2)
spawned uWSGI worker 3 (pid: 6558, cores: 2)
spawned uWSGI worker 4 (pid: 6560, cores: 2)
